CRITICAL - 2025-10-27 18:29:35 --> Error: Class "Locale" not found
[Method: GET, Route: /]
in SYSTEMPATH\CodeIgniter.php on line 189.
 1 SYSTEMPATH\Boot.php(321): CodeIgniter\CodeIgniter->initialize()
 2 SYSTEMPATH\Boot.php(66): CodeIgniter\Boot::initializeCodeIgniter()
 3 FCPATH\index.php(59): CodeIgniter\Boot::bootWeb(Object(Config\Paths))
CRITICAL - 2025-10-27 18:29:36 --> ErrorException: Uncaught Error: Class "Locale" not found in C:\xampp\htdocs\USMAKAPA\vendor\codeigniter4\framework\system\Helpers\number_helper.php:142
Stack trace:
#0 C:\xampp\htdocs\USMAKAPA\vendor\codeigniter4\framework\system\Helpers\number_helper.php(60): format_number(6.0, 2, NULL, Array)
#1 C:\xampp\htdocs\USMAKAPA\vendor\codeigniter4\framework\system\Debug\BaseExceptionHandler.php(154): number_to_size(6.0, 2)
#2 C:\xampp\htdocs\USMAKAPA\app\Views\errors\html\error_exception.php(408): CodeIgniter\Debug\BaseExceptionHandler::describeMemory(6291456)
#3 C:\xampp\htdocs\USMAKAPA\vendor\codeigniter4\framework\system\Debug\BaseExceptionHandler.php(266): include('C:\\xampp\\htdocs...')
#4 C:\xampp\htdocs\USMAKAPA\vendor\codeigniter4\framework\system\Debug\BaseExceptionHandler.php(269): CodeIgniter\Debug\BaseExceptionHandler->CodeIgniter\Debug\{closure}()
#5 C:\xampp\htdocs\USMAKAPA\vendor\codeigniter4\framework\system\Debug\ExceptionHandler.php(116): CodeIgniter\Debug\BaseExceptionHandler->render(Object(Error), 500, 'C:\\xampp\\htdocs...')
#6 C:\xampp\htdocs\USMAKAPA\vendor\codeigniter4\framework\system\Debug\Exceptions.php(162): CodeIgniter\Debug\ExceptionHandler->handle(Object(Error), Object(CodeIgniter\HTTP\IncomingRequest), Object(CodeIgniter\HTTP\Response), 500, 1)
#7 [internal function]: CodeIgniter\Debug\Exceptions->exceptionHandler(Object(Error))
#8 {main}
  thrown
【Previous Exception】
Error
Class "Locale" not found
#0 C:\xampp\htdocs\USMAKAPA\vendor\codeigniter4\framework\system\Boot.php(321): CodeIgniter\CodeIgniter->initialize()
#1 C:\xampp\htdocs\USMAKAPA\vendor\codeigniter4\framework\system\Boot.php(66): CodeIgniter\Boot::initializeCodeIgniter()
#2 C:\xampp\htdocs\USMAKAPA\public\index.php(59): CodeIgniter\Boot::bootWeb(Object(Config\Paths))
#3 {main}
[Method: GET, Route: /]
in SYSTEMPATH\Helpers\number_helper.php on line 142.
 1 [internal function]: CodeIgniter\Debug\Exceptions->shutdownHandler()
CRITICAL - 2025-10-27 18:32:07 --> Error: Class "Locale" not found
[Method: GET, Route: /]
in SYSTEMPATH\CodeIgniter.php on line 189.
 1 SYSTEMPATH\Boot.php(321): CodeIgniter\CodeIgniter->initialize()
 2 SYSTEMPATH\Boot.php(66): CodeIgniter\Boot::initializeCodeIgniter()
 3 FCPATH\index.php(59): CodeIgniter\Boot::bootWeb(Object(Config\Paths))
CRITICAL - 2025-10-27 18:32:07 --> ErrorException: Uncaught Error: Class "Locale" not found in C:\xampp\htdocs\USMAKAPA\vendor\codeigniter4\framework\system\Helpers\number_helper.php:142
Stack trace:
#0 C:\xampp\htdocs\USMAKAPA\vendor\codeigniter4\framework\system\Helpers\number_helper.php(60): format_number(6.0, 2, NULL, Array)
#1 C:\xampp\htdocs\USMAKAPA\vendor\codeigniter4\framework\system\Debug\BaseExceptionHandler.php(154): number_to_size(6.0, 2)
#2 C:\xampp\htdocs\USMAKAPA\app\Views\errors\html\error_exception.php(408): CodeIgniter\Debug\BaseExceptionHandler::describeMemory(6291456)
#3 C:\xampp\htdocs\USMAKAPA\vendor\codeigniter4\framework\system\Debug\BaseExceptionHandler.php(266): include('C:\\xampp\\htdocs...')
#4 C:\xampp\htdocs\USMAKAPA\vendor\codeigniter4\framework\system\Debug\BaseExceptionHandler.php(269): CodeIgniter\Debug\BaseExceptionHandler->CodeIgniter\Debug\{closure}()
#5 C:\xampp\htdocs\USMAKAPA\vendor\codeigniter4\framework\system\Debug\ExceptionHandler.php(116): CodeIgniter\Debug\BaseExceptionHandler->render(Object(Error), 500, 'C:\\xampp\\htdocs...')
#6 C:\xampp\htdocs\USMAKAPA\vendor\codeigniter4\framework\system\Debug\Exceptions.php(162): CodeIgniter\Debug\ExceptionHandler->handle(Object(Error), Object(CodeIgniter\HTTP\IncomingRequest), Object(CodeIgniter\HTTP\Response), 500, 1)
#7 [internal function]: CodeIgniter\Debug\Exceptions->exceptionHandler(Object(Error))
#8 {main}
  thrown
【Previous Exception】
Error
Class "Locale" not found
#0 C:\xampp\htdocs\USMAKAPA\vendor\codeigniter4\framework\system\Boot.php(321): CodeIgniter\CodeIgniter->initialize()
#1 C:\xampp\htdocs\USMAKAPA\vendor\codeigniter4\framework\system\Boot.php(66): CodeIgniter\Boot::initializeCodeIgniter()
#2 C:\xampp\htdocs\USMAKAPA\public\index.php(59): CodeIgniter\Boot::bootWeb(Object(Config\Paths))
#3 {main}
[Method: GET, Route: /]
in SYSTEMPATH\Helpers\number_helper.php on line 142.
 1 [internal function]: CodeIgniter\Debug\Exceptions->shutdownHandler()
CRITICAL - 2025-10-27 18:32:08 --> Error: Class "Locale" not found
[Method: GET, Route: /]
in SYSTEMPATH\CodeIgniter.php on line 189.
 1 SYSTEMPATH\Boot.php(321): CodeIgniter\CodeIgniter->initialize()
 2 SYSTEMPATH\Boot.php(66): CodeIgniter\Boot::initializeCodeIgniter()
 3 FCPATH\index.php(59): CodeIgniter\Boot::bootWeb(Object(Config\Paths))
CRITICAL - 2025-10-27 18:32:08 --> ErrorException: Uncaught Error: Class "Locale" not found in C:\xampp\htdocs\USMAKAPA\vendor\codeigniter4\framework\system\Helpers\number_helper.php:142
Stack trace:
#0 C:\xampp\htdocs\USMAKAPA\vendor\codeigniter4\framework\system\Helpers\number_helper.php(60): format_number(6.0, 2, NULL, Array)
#1 C:\xampp\htdocs\USMAKAPA\vendor\codeigniter4\framework\system\Debug\BaseExceptionHandler.php(154): number_to_size(6.0, 2)
#2 C:\xampp\htdocs\USMAKAPA\app\Views\errors\html\error_exception.php(408): CodeIgniter\Debug\BaseExceptionHandler::describeMemory(6291456)
#3 C:\xampp\htdocs\USMAKAPA\vendor\codeigniter4\framework\system\Debug\BaseExceptionHandler.php(266): include('C:\\xampp\\htdocs...')
#4 C:\xampp\htdocs\USMAKAPA\vendor\codeigniter4\framework\system\Debug\BaseExceptionHandler.php(269): CodeIgniter\Debug\BaseExceptionHandler->CodeIgniter\Debug\{closure}()
#5 C:\xampp\htdocs\USMAKAPA\vendor\codeigniter4\framework\system\Debug\ExceptionHandler.php(116): CodeIgniter\Debug\BaseExceptionHandler->render(Object(Error), 500, 'C:\\xampp\\htdocs...')
#6 C:\xampp\htdocs\USMAKAPA\vendor\codeigniter4\framework\system\Debug\Exceptions.php(162): CodeIgniter\Debug\ExceptionHandler->handle(Object(Error), Object(CodeIgniter\HTTP\IncomingRequest), Object(CodeIgniter\HTTP\Response), 500, 1)
#7 [internal function]: CodeIgniter\Debug\Exceptions->exceptionHandler(Object(Error))
#8 {main}
  thrown
【Previous Exception】
Error
Class "Locale" not found
#0 C:\xampp\htdocs\USMAKAPA\vendor\codeigniter4\framework\system\Boot.php(321): CodeIgniter\CodeIgniter->initialize()
#1 C:\xampp\htdocs\USMAKAPA\vendor\codeigniter4\framework\system\Boot.php(66): CodeIgniter\Boot::initializeCodeIgniter()
#2 C:\xampp\htdocs\USMAKAPA\public\index.php(59): CodeIgniter\Boot::bootWeb(Object(Config\Paths))
#3 {main}
[Method: GET, Route: /]
in SYSTEMPATH\Helpers\number_helper.php on line 142.
 1 [internal function]: CodeIgniter\Debug\Exceptions->shutdownHandler()
CRITICAL - 2025-10-27 18:32:54 --> Error: Class "Locale" not found
[Method: GET, Route: /]
in SYSTEMPATH\CodeIgniter.php on line 189.
 1 SYSTEMPATH\Boot.php(321): CodeIgniter\CodeIgniter->initialize()
 2 SYSTEMPATH\Boot.php(66): CodeIgniter\Boot::initializeCodeIgniter()
 3 FCPATH\index.php(59): CodeIgniter\Boot::bootWeb(Object(Config\Paths))
CRITICAL - 2025-10-27 18:32:54 --> ErrorException: Uncaught Error: Class "Locale" not found in C:\xampp\htdocs\USMAKAPA\vendor\codeigniter4\framework\system\Helpers\number_helper.php:142
Stack trace:
#0 C:\xampp\htdocs\USMAKAPA\vendor\codeigniter4\framework\system\Helpers\number_helper.php(60): format_number(6.0, 2, NULL, Array)
#1 C:\xampp\htdocs\USMAKAPA\vendor\codeigniter4\framework\system\Debug\BaseExceptionHandler.php(154): number_to_size(6.0, 2)
#2 C:\xampp\htdocs\USMAKAPA\app\Views\errors\html\error_exception.php(408): CodeIgniter\Debug\BaseExceptionHandler::describeMemory(6291456)
#3 C:\xampp\htdocs\USMAKAPA\vendor\codeigniter4\framework\system\Debug\BaseExceptionHandler.php(266): include('C:\\xampp\\htdocs...')
#4 C:\xampp\htdocs\USMAKAPA\vendor\codeigniter4\framework\system\Debug\BaseExceptionHandler.php(269): CodeIgniter\Debug\BaseExceptionHandler->CodeIgniter\Debug\{closure}()
#5 C:\xampp\htdocs\USMAKAPA\vendor\codeigniter4\framework\system\Debug\ExceptionHandler.php(116): CodeIgniter\Debug\BaseExceptionHandler->render(Object(Error), 500, 'C:\\xampp\\htdocs...')
#6 C:\xampp\htdocs\USMAKAPA\vendor\codeigniter4\framework\system\Debug\Exceptions.php(162): CodeIgniter\Debug\ExceptionHandler->handle(Object(Error), Object(CodeIgniter\HTTP\IncomingRequest), Object(CodeIgniter\HTTP\Response), 500, 1)
#7 [internal function]: CodeIgniter\Debug\Exceptions->exceptionHandler(Object(Error))
#8 {main}
  thrown
【Previous Exception】
Error
Class "Locale" not found
#0 C:\xampp\htdocs\USMAKAPA\vendor\codeigniter4\framework\system\Boot.php(321): CodeIgniter\CodeIgniter->initialize()
#1 C:\xampp\htdocs\USMAKAPA\vendor\codeigniter4\framework\system\Boot.php(66): CodeIgniter\Boot::initializeCodeIgniter()
#2 C:\xampp\htdocs\USMAKAPA\public\index.php(59): CodeIgniter\Boot::bootWeb(Object(Config\Paths))
#3 {main}
[Method: GET, Route: /]
in SYSTEMPATH\Helpers\number_helper.php on line 142.
 1 [internal function]: CodeIgniter\Debug\Exceptions->shutdownHandler()
CRITICAL - 2025-10-27 18:33:07 --> Error: Class "Locale" not found
[Method: GET, Route: /]
in SYSTEMPATH\CodeIgniter.php on line 189.
 1 SYSTEMPATH\Boot.php(321): CodeIgniter\CodeIgniter->initialize()
 2 SYSTEMPATH\Boot.php(66): CodeIgniter\Boot::initializeCodeIgniter()
 3 FCPATH\index.php(59): CodeIgniter\Boot::bootWeb(Object(Config\Paths))
CRITICAL - 2025-10-27 18:33:07 --> ErrorException: Uncaught Error: Class "Locale" not found in C:\xampp\htdocs\USMAKAPA\vendor\codeigniter4\framework\system\Helpers\number_helper.php:142
Stack trace:
#0 C:\xampp\htdocs\USMAKAPA\vendor\codeigniter4\framework\system\Helpers\number_helper.php(60): format_number(6.0, 2, NULL, Array)
#1 C:\xampp\htdocs\USMAKAPA\vendor\codeigniter4\framework\system\Debug\BaseExceptionHandler.php(154): number_to_size(6.0, 2)
#2 C:\xampp\htdocs\USMAKAPA\app\Views\errors\html\error_exception.php(408): CodeIgniter\Debug\BaseExceptionHandler::describeMemory(6291456)
#3 C:\xampp\htdocs\USMAKAPA\vendor\codeigniter4\framework\system\Debug\BaseExceptionHandler.php(266): include('C:\\xampp\\htdocs...')
#4 C:\xampp\htdocs\USMAKAPA\vendor\codeigniter4\framework\system\Debug\BaseExceptionHandler.php(269): CodeIgniter\Debug\BaseExceptionHandler->CodeIgniter\Debug\{closure}()
#5 C:\xampp\htdocs\USMAKAPA\vendor\codeigniter4\framework\system\Debug\ExceptionHandler.php(116): CodeIgniter\Debug\BaseExceptionHandler->render(Object(Error), 500, 'C:\\xampp\\htdocs...')
#6 C:\xampp\htdocs\USMAKAPA\vendor\codeigniter4\framework\system\Debug\Exceptions.php(162): CodeIgniter\Debug\ExceptionHandler->handle(Object(Error), Object(CodeIgniter\HTTP\IncomingRequest), Object(CodeIgniter\HTTP\Response), 500, 1)
#7 [internal function]: CodeIgniter\Debug\Exceptions->exceptionHandler(Object(Error))
#8 {main}
  thrown
【Previous Exception】
Error
Class "Locale" not found
#0 C:\xampp\htdocs\USMAKAPA\vendor\codeigniter4\framework\system\Boot.php(321): CodeIgniter\CodeIgniter->initialize()
#1 C:\xampp\htdocs\USMAKAPA\vendor\codeigniter4\framework\system\Boot.php(66): CodeIgniter\Boot::initializeCodeIgniter()
#2 C:\xampp\htdocs\USMAKAPA\public\index.php(59): CodeIgniter\Boot::bootWeb(Object(Config\Paths))
#3 {main}
[Method: GET, Route: /]
in SYSTEMPATH\Helpers\number_helper.php on line 142.
 1 [internal function]: CodeIgniter\Debug\Exceptions->shutdownHandler()
CRITICAL - 2025-10-27 18:43:07 --> CodeIgniter\View\Exceptions\ViewException: Invalid file: "Accesos/RegistroPaseLista.php"
[Method: GET, Route: register-asintences]
in SYSTEMPATH\Exceptions\FrameworkException.php on line 39.
 1 SYSTEMPATH\View\View.php(212): CodeIgniter\Exceptions\FrameworkException::forInvalidFile('Accesos/RegistroPaseLista.php')
 2 SYSTEMPATH\Common.php(1173): CodeIgniter\View\View->render('Accesos/RegistroPaseLista.php', [], true)
 3 APPPATH\Controllers\Home.php(24): view('Accesos/RegistroPaseLista.php')
 4 SYSTEMPATH\CodeIgniter.php(933): App\Controllers\Home->RegistroPaseLista()
 5 SYSTEMPATH\CodeIgniter.php(507): CodeIgniter\CodeIgniter->runController(Object(App\Controllers\Home))
 6 SYSTEMPATH\CodeIgniter.php(354): CodeIgniter\CodeIgniter->handleRequest(null, Object(Config\Cache), false)
 7 SYSTEMPATH\Boot.php(334): CodeIgniter\CodeIgniter->run()
 8 SYSTEMPATH\Boot.php(67): CodeIgniter\Boot::runCodeIgniter(Object(CodeIgniter\CodeIgniter))
 9 FCPATH\index.php(59): CodeIgniter\Boot::bootWeb(Object(Config\Paths))
CRITICAL - 2025-10-27 19:13:46 --> ErrorException: Undefined variable $mensaje
[Method: GET, Route: settings-faces]
in APPPATH\Views\ConfiguracionesFaciales\ConfiguracionesFaciales.php on line 21.
 1 APPPATH\Views\ConfiguracionesFaciales\ConfiguracionesFaciales.php(21): CodeIgniter\Debug\Exceptions->errorHandler(2, 'Undefined variable $mensaje', 'C:\\xampp\\htdocs\\USMAKAPA\\app\\Views\\ConfiguracionesFaciales\\ConfiguracionesFaciales.php', 21)
 2 SYSTEMPATH\View\View.php(224): include('C:\\xampp\\htdocs\\USMAKAPA\\app\\Views\\ConfiguracionesFaciales\\ConfiguracionesFaciales.php')
 3 SYSTEMPATH\View\View.php(227): CodeIgniter\View\View->CodeIgniter\View\{closure}()
 4 SYSTEMPATH\Common.php(1173): CodeIgniter\View\View->render('ConfiguracionesFaciales/ConfiguracionesFaciales.php', [], true)
 5 APPPATH\Controllers\Home.php(28): view('ConfiguracionesFaciales/ConfiguracionesFaciales.php')
 6 SYSTEMPATH\CodeIgniter.php(933): App\Controllers\Home->ConfiguracionesFaciales()
 7 SYSTEMPATH\CodeIgniter.php(507): CodeIgniter\CodeIgniter->runController(Object(App\Controllers\Home))
 8 SYSTEMPATH\CodeIgniter.php(354): CodeIgniter\CodeIgniter->handleRequest(null, Object(Config\Cache), false)
 9 SYSTEMPATH\Boot.php(334): CodeIgniter\CodeIgniter->run()
10 SYSTEMPATH\Boot.php(67): CodeIgniter\Boot::runCodeIgniter(Object(CodeIgniter\CodeIgniter))
11 FCPATH\index.php(59): CodeIgniter\Boot::bootWeb(Object(Config\Paths))
CRITICAL - 2025-10-27 19:15:13 --> ErrorException: Undefined variable $descriptores_actuales
[Method: GET, Route: settings-faces]
in APPPATH\Views\ConfiguracionesFaciales\ConfiguracionesFaciales.php on line 34.
 1 APPPATH\Views\ConfiguracionesFaciales\ConfiguracionesFaciales.php(34): CodeIgniter\Debug\Exceptions->errorHandler(2, 'Undefined variable $descriptores_actuales', 'C:\\xampp\\htdocs\\USMAKAPA\\app\\Views\\ConfiguracionesFaciales\\ConfiguracionesFaciales.php', 34)
 2 SYSTEMPATH\View\View.php(224): include('C:\\xampp\\htdocs\\USMAKAPA\\app\\Views\\ConfiguracionesFaciales\\ConfiguracionesFaciales.php')
 3 SYSTEMPATH\View\View.php(227): CodeIgniter\View\View->CodeIgniter\View\{closure}()
 4 SYSTEMPATH\Common.php(1173): CodeIgniter\View\View->render('ConfiguracionesFaciales/ConfiguracionesFaciales.php', [], true)
 5 APPPATH\Controllers\Home.php(28): view('ConfiguracionesFaciales/ConfiguracionesFaciales.php')
 6 SYSTEMPATH\CodeIgniter.php(933): App\Controllers\Home->ConfiguracionesFaciales()
 7 SYSTEMPATH\CodeIgniter.php(507): CodeIgniter\CodeIgniter->runController(Object(App\Controllers\Home))
 8 SYSTEMPATH\CodeIgniter.php(354): CodeIgniter\CodeIgniter->handleRequest(null, Object(Config\Cache), false)
 9 SYSTEMPATH\Boot.php(334): CodeIgniter\CodeIgniter->run()
10 SYSTEMPATH\Boot.php(67): CodeIgniter\Boot::runCodeIgniter(Object(CodeIgniter\CodeIgniter))
11 FCPATH\index.php(59): CodeIgniter\Boot::bootWeb(Object(Config\Paths))
CRITICAL - 2025-10-27 19:15:45 --> TypeError: count(): Argument #1 ($value) must be of type Countable|array, null given
[Method: GET, Route: settings-faces]
in APPPATH\Views\ConfiguracionesFaciales\ConfiguracionesFaciales.php on line 40.
 1 SYSTEMPATH\View\View.php(224): include()
 2 SYSTEMPATH\View\View.php(227): CodeIgniter\View\View->CodeIgniter\View\{closure}()
 3 SYSTEMPATH\Common.php(1173): CodeIgniter\View\View->render('ConfiguracionesFaciales/ConfiguracionesFaciales.php', [], true)
 4 APPPATH\Controllers\Home.php(28): view('ConfiguracionesFaciales/ConfiguracionesFaciales.php')
 5 SYSTEMPATH\CodeIgniter.php(933): App\Controllers\Home->ConfiguracionesFaciales()
 6 SYSTEMPATH\CodeIgniter.php(507): CodeIgniter\CodeIgniter->runController(Object(App\Controllers\Home))
 7 SYSTEMPATH\CodeIgniter.php(354): CodeIgniter\CodeIgniter->handleRequest(null, Object(Config\Cache), false)
 8 SYSTEMPATH\Boot.php(334): CodeIgniter\CodeIgniter->run()
 9 SYSTEMPATH\Boot.php(67): CodeIgniter\Boot::runCodeIgniter(Object(CodeIgniter\CodeIgniter))
10 FCPATH\index.php(59): CodeIgniter\Boot::bootWeb(Object(Config\Paths))
CRITICAL - 2025-10-27 19:15:45 --> [Caused by] ErrorException: Undefined variable $descriptores_actuales
in APPPATH\Views\ConfiguracionesFaciales\ConfiguracionesFaciales.php on line 40.
 1 APPPATH\Views\ConfiguracionesFaciales\ConfiguracionesFaciales.php(40): CodeIgniter\Debug\Exceptions->errorHandler(2, 'Undefined variable $descriptores_actuales', 'C:\\xampp\\htdocs\\USMAKAPA\\app\\Views\\ConfiguracionesFaciales\\ConfiguracionesFaciales.php', 40)
 2 SYSTEMPATH\View\View.php(224): include('C:\\xampp\\htdocs\\USMAKAPA\\app\\Views\\ConfiguracionesFaciales\\ConfiguracionesFaciales.php')
 3 SYSTEMPATH\View\View.php(227): CodeIgniter\View\View->CodeIgniter\View\{closure}()
 4 SYSTEMPATH\Common.php(1173): CodeIgniter\View\View->render('ConfiguracionesFaciales/ConfiguracionesFaciales.php', [], true)
 5 APPPATH\Controllers\Home.php(28): view('ConfiguracionesFaciales/ConfiguracionesFaciales.php')
 6 SYSTEMPATH\CodeIgniter.php(933): App\Controllers\Home->ConfiguracionesFaciales()
 7 SYSTEMPATH\CodeIgniter.php(507): CodeIgniter\CodeIgniter->runController(Object(App\Controllers\Home))
 8 SYSTEMPATH\CodeIgniter.php(354): CodeIgniter\CodeIgniter->handleRequest(null, Object(Config\Cache), false)
 9 SYSTEMPATH\Boot.php(334): CodeIgniter\CodeIgniter->run()
10 SYSTEMPATH\Boot.php(67): CodeIgniter\Boot::runCodeIgniter(Object(CodeIgniter\CodeIgniter))
11 FCPATH\index.php(59): CodeIgniter\Boot::bootWeb(Object(Config\Paths))
